[2021-12-07 13:28:21] START
[2021-12-07 13:43:02] CREATE basics.py: 0
[2021-12-07 13:44:16] EDIT guaurderia/controllers/basics.py: 3
[2021-12-07 13:44:53] CREATE basics/helloworld.html: 0
[2021-12-07 13:46:10] EDIT guaurderia/views/basics/helloworld.html: 2
[2021-12-07 13:47:04] EDIT guaurderia/views/basics/helloworld.html: 3
[2021-12-07 13:47:14] EDIT guaurderia/views/basics/helloworld.html: 0
[2021-12-07 13:57:11] CREATE basics/request_args.html: 0
[2021-12-07 14:08:35] EDIT guaurderia/controllers/basics.py: 0
[2021-12-07 14:09:22] EDIT guaurderia/controllers/basics.py: 0
[2021-12-07 14:09:25] EDIT guaurderia/controllers/basics.py: 0
[2021-12-07 14:10:07] EDIT guaurderia/controllers/basics.py: 0
[2021-12-07 14:10:28] CREATE basics/request_vars.html: 0
[2021-12-07 14:27:23] CREATE basics/random_number.html: 0
[2021-12-07 14:30:53] EDIT guaurderia/controllers/basics.py: 0
[2021-12-07 14:56:43] EDIT guaurderia/models/db.py: 0
[2021-12-07 14:57:25] EDIT guaurderia/models/db.py: 0
[2021-12-07 14:58:43] CREATE blog.py: 0
[2021-12-07 15:02:02] EDIT guaurderia/controllers/blog.py: 0
[2021-12-07 15:02:50] CREATE blog/post.html: 0
[2021-12-07 15:06:54] CREATE blog/view.html: 0
[2021-12-07 15:10:30] EDIT guaurderia/controllers/blog.py: 0
[2021-12-07 15:12:03] CREATE blog/thanks.html: 0
[2021-12-07 15:13:39] EDIT guaurderia/views/blog/thanks.html: 0
[2021-12-07 15:13:50] EDIT guaurderia/controllers/blog.py: 0
[2021-12-07 15:22:21] CREATE blog/display_form.html: 0
[2021-12-07 15:24:30] EDIT guaurderia/views/blog/thanks.html: 0
[2021-12-07 15:24:40] EDIT guaurderia/views/blog/thanks.html: 0
[2021-12-07 15:24:42] EDIT guaurderia/views/blog/thanks.html: 0
[2021-12-07 15:25:33] EDIT guaurderia/controllers/blog.py: 2
[2021-12-07 15:30:09] EDIT guaurderia/controllers/blog.py: 0
[2021-12-07 15:30:38] CREATE blog/update.html: 0
[2021-12-07 15:39:37] EDIT guaurderia/views/blog/view.html: 0
[2021-12-07 15:45:23] EDIT guaurderia/views/blog/view.html: 0
[2021-12-07 15:54:05] EDIT guaurderia/controllers/blog.py: 0
[2021-12-07 15:54:52] EDIT guaurderia/views/blog/view.html: 0
[2021-12-07 19:25:02] EDIT guaurderia/models/db.py: 0
[2021-12-07 19:25:06] EDIT guaurderia/models/db.py: 0
[2021-12-07 19:28:02] EDIT guaurderia/models/db.py: -9
[2021-12-07 19:28:24] EDIT guaurderia/models/db.py: 9
[2021-12-07 19:28:39] EDIT guaurderia/models/db.py: 0
[2021-12-07 19:28:40] EDIT guaurderia/models/db.py: 0
[2021-12-07 20:14:30] CREATE mascotas.py: 0
[2021-12-07 20:15:30] CREATE mascotas/data.html: 0
[2021-12-07 20:16:20] DELETE guaurderia/views/mascotas/data.html: -3
[2021-12-07 20:30:27] CREATE mascotas/add.html: 0
[2021-12-07 20:35:55] CREATE mascotas/view.html: 0
[2021-12-07 21:32:27] CREATE mascotas/update.html: 0
[2021-12-08 10:27:47] EDIT guaurderia/controllers/mascotas.py: 0
[2021-12-08 13:06:38] EDIT guaurderia/models/db.py: 0
[2021-12-08 13:08:32] EDIT guaurderia/models/db.py: 0
[2021-12-08 13:08:39] EDIT guaurderia/models/db.py: 0
[2021-12-08 13:09:12] EDIT guaurderia/models/db.py: 0
[2021-12-08 13:09:52] EDIT guaurderia/models/db.py: 0
[2021-12-08 13:10:07] EDIT guaurderia/models/db.py: 0
[2021-12-08 13:11:00] EDIT guaurderia/models/db.py: 0
[2021-12-08 13:11:21] EDIT guaurderia/models/db.py: 0
[2021-12-08 13:12:06] EDIT guaurderia/models/db.py: 0
[2021-12-08 13:12:46] EDIT guaurderia/models/db.py: 0
[2021-12-08 13:13:18] EDIT guaurderia/models/db.py: 0
[2021-12-08 13:13:34] EDIT guaurderia/models/db.py: 0
[2021-12-08 13:14:35] EDIT guaurderia/models/db.py: 0
[2021-12-08 13:14:55] EDIT guaurderia/models/db.py: 0
[2021-12-08 13:15:04] EDIT guaurderia/models/db.py: 0
[2021-12-08 13:16:12] EDIT guaurderia/models/db.py: 0
[2021-12-08 13:19:54] EDIT guaurderia/models/db.py: 0
[2021-12-08 13:21:05] EDIT guaurderia/models/db.py: 0
[2021-12-08 13:25:15] EDIT guaurderia/models/db.py: 0
[2021-12-08 13:34:57] EDIT guaurderia/models/db.py: 0
[2021-12-08 13:37:35] EDIT guaurderia/models/db.py: 0
[2021-12-08 20:22:18] CREATE propietarios.py: 0
[2021-12-08 21:39:45] CREATE propietarios/add.html: 0
[2021-12-08 21:39:54] CREATE propietarios/view.html: 0
[2021-12-08 21:40:01] CREATE propietarios/update.html: 0
